<?xml version="1.0" encoding="UTF-8"?>
<!-- Generated by org.testng.reporters.JUnitReportReporter -->
<testsuite hostname="HBPTesting" failures="0" tests="4" name="com.test.Tagit.NumberSearchOntology" time="41.991" errors="0" timestamp="2024-08-05T17:35:03 IST" skipped="0">
  <testcase classname="com.test.Tagit.NumberSearchOntology" name="Login" time="27.407"/>
  <system-out/>
  <testcase classname="com.test.Tagit.NumberSearchOntology" name="table" time="7.666"/>
  <system-out/>
  <testcase classname="com.test.Tagit.NumberSearchOntology" name="Direct_Draw_page" time="3.665"/>
  <system-out/>
  <testcase classname="com.test.Tagit.NumberSearchOntology" name="search" time="3.253"/>
  <system-out/>
</testsuite> <!-- com.test.Tagit.NumberSearchOntology -->
