<?xml version="1.0" encoding="UTF-8"?>
<!-- Generated by org.testng.reporters.JUnitReportReporter -->
<testsuite hostname="HBPTesting" failures="0" tests="3" name="com.test.Tagit.Region_Validate" time="50.781" errors="0" timestamp="2024-08-08T10:18:10 IST" skipped="0">
  <testcase classname="com.test.Tagit.Region_Validate" name="Login" time="27.782"/>
  <system-out/>
  <testcase classname="com.test.Tagit.Region_Validate" name="table" time="13.143"/>
  <system-out/>
  <testcase classname="com.test.Tagit.Region_Validate" name="regions" time="9.856"/>
  <system-out/>
</testsuite> <!-- com.test.Tagit.Region_Validate -->
