<?xml version="1.0" encoding="UTF-8"?>
<!-- Generated by org.testng.reporters.JUnitReportReporter -->
<testsuite hostname="HBPTester" failures="0" tests="3" name="com.test.Tagit.Region_Validate" time="181.155" errors="0" timestamp="2024-08-12T11:23:09 IST" skipped="0">
  <testcase classname="com.test.Tagit.Region_Validate" name="Login" time="156.972"/>
  <system-out/>
  <testcase classname="com.test.Tagit.Region_Validate" name="table" time="12.726"/>
  <system-out/>
  <testcase classname="com.test.Tagit.Region_Validate" name="regions" time="11.457"/>
  <system-out/>
</testsuite> <!-- com.test.Tagit.Region_Validate -->
