<?xml version="1.0" encoding="UTF-8"?>
<!-- Generated by org.testng.reporters.JUnitReportReporter -->
<testsuite hostname="HBPTester" failures="0" tests="2" name="com.test.Tagit.Search_Regin_Validate" time="129.886" errors="0" timestamp="2024-11-14T16:32:16 IST" skipped="0">
  <testcase classname="com.test.Tagit.Search_Regin_Validate" name="Login" time="27.926"/>
  <system-out/>
  <testcase classname="com.test.Tagit.Search_Regin_Validate" name="table" time="101.960"/>
  <system-out/>
</testsuite> <!-- com.test.Tagit.Search_Regin_Validate -->
