<?xml version="1.0" encoding="UTF-8"?>
<!-- Generated by org.testng.reporters.JUnitReportReporter -->
<testsuite hostname="HBPTesting" failures="0" tests="3" name="com.test.Tagit.thumbNail" time="1837.118" errors="0" timestamp="2024-08-08T17:51:04 IST" skipped="0">
  <testcase classname="com.test.Tagit.thumbNail" name="Login" time="28.596"/>
  <system-out/>
  <testcase classname="com.test.Tagit.thumbNail" name="table" time="10.571"/>
  <system-out/>
  <testcase classname="com.test.Tagit.thumbNail" name="thumbnailview" time="1797.951"/>
  <system-out/>
</testsuite> <!-- com.test.Tagit.thumbNail -->
