<?xml version="1.0" encoding="UTF-8"?>
<!-- Generated by org.testng.reporters.JUnitReportReporter -->
<testsuite hostname="HBPTesting" failures="0" tests="2" name="com.test.Tagit.Search_Regin_Validate" time="147.522" errors="0" timestamp="2024-08-07T15:25:47 IST" skipped="0">
  <testcase classname="com.test.Tagit.Search_Regin_Validate" name="Login" time="19.593"/>
  <system-out/>
  <testcase classname="com.test.Tagit.Search_Regin_Validate" name="table" time="127.929"/>
  <system-out/>
</testsuite> <!-- com.test.Tagit.Search_Regin_Validate -->
