<?xml version="1.0" encoding="UTF-8"?>
<!-- Generated by org.testng.reporters.JUnitReportReporter -->
<testsuite hostname="HBPTester" failures="0" tests="3" name="com.test.Tagit.Brain_homepage" time="81.052" errors="0" timestamp="2024-11-18T09:59:13 IST" skipped="0">
  <testcase classname="com.test.Tagit.Brain_homepage" name="testSanity" time="0.542"/>
  <system-out/>
  <testcase classname="com.test.Tagit.Brain_homepage" name="homepagecontent" time="2.200"/>
  <system-out/>
  <testcase classname="com.test.Tagit.Brain_homepage" name="LinkValidation" time="78.310"/>
  <system-out/>
</testsuite> <!-- com.test.Tagit.Brain_homepage -->
