<?xml version="1.0" encoding="UTF-8"?>
<!-- Generated by org.testng.reporters.JUnitReportReporter -->
<testsuite hostname="HBPTesting" failures="0" tests="4" name="com.test.Tagit.Timestamp_AtlasEditor" time="94.599" errors="0" timestamp="2024-08-06T15:33:55 IST" skipped="0">
  <testcase classname="com.test.Tagit.Timestamp_AtlasEditor" name="Login" time="25.684"/>
  <system-out/>
  <testcase classname="com.test.Tagit.Timestamp_AtlasEditor" name="table" time="7.851"/>
  <system-out/>
  <testcase classname="com.test.Tagit.Timestamp_AtlasEditor" name="Direct_Draw_page" time="4.208"/>
  <system-out/>
  <testcase classname="com.test.Tagit.Timestamp_AtlasEditor" name="search" time="56.856"/>
  <system-out/>
</testsuite> <!-- com.test.Tagit.Timestamp_AtlasEditor -->
