<?xml version="1.0" encoding="UTF-8"?>
<!-- Generated by org.testng.reporters.JUnitReportReporter -->
<testsuite hostname="HBPTester" failures="0" tests="2" name="com.test.Tagit.MRIPageclicks" time="59.382" errors="0" timestamp="2024-11-18T10:06:39 IST" skipped="0">
  <testcase classname="com.test.Tagit.MRIPageclicks" name="testSanity" time="0.620"/>
  <system-out/>
  <testcase classname="com.test.Tagit.MRIPageclicks" name="Videovalidate" time="58.762"/>
  <system-out/>
</testsuite> <!-- com.test.Tagit.MRIPageclicks -->
